Flutter crash report.
Please report a bug at https://github.com/flutter/flutter/issues.

## command

flutter --quiet assemble --no-version-check --depfile D:\Flutter course\mi_card_flutter\build\app\intermediates\flutter\debug/flutter_build.d --output D:\Flutter course\mi_card_flutter\build\app\intermediates\flutter\debug -dTargetFile=D:\Flutter course\mi_card_flutter\lib\main.dart -dTargetPlatform=android -dBuildMode=debug -dTrackWidgetCreation=true --DartDefines=RkxVVFRFUl9XRUJfQVVUT19ERVRFQ1Q9dHJ1ZQ==,RkxVVFRFUl9XRUJfQ0FOVkFTS0lUX1VSTD1odHRwczovL3d3dy5nc3RhdGljLmNvbS9mbHV0dGVyLWNhbnZhc2tpdC9lNzZjOTU2NDk4ODQxZTFhYjQ1ODU3N2QzODkyMDAzZTU1M2U0ZjNjLw== -dFlavor= -dAndroidArchs=android-x64 -dMinSdkVersion=19 -dIsAndroidLibrary=false debug_android_application

## exception

ArgumentError: Invalid argument(s): Uri d:/Flutter%20course/mi_card_flutter/fonts/Pacifico-Regular.ttf must have scheme 'file:'.

```
#0      WindowsStyle.pathFromUri (package:path/src/style/windows.dart:86:7)
#1      Context.fromUri (package:path/src/context.dart:1040:40)
#2      ManifestAssetBundle._resolveAsset (package:flutter_tools/src/asset.dart:1074:47)
#3      ManifestAssetBundle._parseAssets (package:flutter_tools/src/asset.dart:884:34)
#4      ManifestAssetBundle.build (package:flutter_tools/src/asset.dart:267:54)
<asynchronous suspension>
#5      copyAssets (package:flutter_tools/src/build_system/targets/assets.dart:57:26)
<asynchronous suspension>
#6      AndroidAssetBundle.build (package:flutter_tools/src/build_system/targets/android.dart:66:34)
<asynchronous suspension>
#7      _BuildInstance._invokeInternal (package:flutter_tools/src/build_system/build_system.dart:861:9)
<asynchronous suspension>
#8      FlutterBuildSystem.build (package:flutter_tools/src/build_system/build_system.dart:628:16)
<asynchronous suspension>
#9      AssembleCommand.runCommand (package:flutter_tools/src/commands/assemble.dart:318:32)
<asynchronous suspension>
#10     FlutterCommand.run.<anonymous closure> (package:flutter_tools/src/runner/flutter_command.dart:1389:27)
<asynchronous suspension>
#11     AppContext.run.<anonymous closure> (package:flutter_tools/src/base/context.dart:153:19)
<asynchronous suspension>
#12     CommandRunner.runCommand (package:args/command_runner.dart:212:13)
<asynchronous suspension>
#13     FlutterCommandRunner.runCommand.<anonymous closure> (package:flutter_tools/src/runner/flutter_command_runner.dart:355:9)
<asynchronous suspension>
#14     AppContext.run.<anonymous closure> (package:flutter_tools/src/base/context.dart:153:19)
<asynchronous suspension>
#15     FlutterCommandRunner.runCommand (package:flutter_tools/src/runner/flutter_command_runner.dart:295:5)
<asynchronous suspension>
#16     run.<anonymous closure>.<anonymous closure> (package:flutter_tools/runner.dart:119:9)
<asynchronous suspension>
#17     AppContext.run.<anonymous closure> (package:flutter_tools/src/base/context.dart:153:19)
<asynchronous suspension>
#18     main (package:flutter_tools/executable.dart:90:3)
<asynchronous suspension>
```

## flutter doctor

```
[✓] Flutter (Channel stable, 3.19.5, on Microsoft Windows [Version 10.0.22631.3447], locale en-US)
    • Flutter version 3.19.5 on channel stable at C:\flutter
    • Upstream repository https://github.com/flutter/flutter.git
    • Framework revision 300451adae (2 weeks ago), 2024-03-27 21:54:07 -0500
    • Engine revision e76c956498
    • Dart version 3.3.3
    • DevTools version 2.31.1

[✓] Windows Version (Installed version of Windows is version 10 or higher)

[✓] Android toolchain - develop for Android devices (Android SDK version 34.0.0)
    • Android SDK at C:\Users\prate\AppData\Local\Android\sdk
    • Platform android-34, build-tools 34.0.0
    • Java binary at: C:\Program Files\Android\Android Studio\jbr\bin\java
    • Java version OpenJDK Runtime Environment (build 17.0.7+0-b2043.56-10550314)
    • All Android licenses accepted.

[✓] Chrome - develop for the web
    • Chrome at C:\Program Files\Google\Chrome\Application\chrome.exe

[✓] Visual Studio - develop Windows apps (Visual Studio Community 2022 17.9.0)
    • Visual Studio at C:\Program Files\Microsoft Visual Studio\2022\Community
    • Visual Studio Community 2022 version 17.9.34607.119
    • Windows 10 SDK version 10.0.22621.0

[✓] Android Studio (version 2023.1)
    • Android Studio at C:\Program Files\Android\Android Studio
    • Flutter plugin can be installed from:
      🔨 https://plugins.jetbrains.com/plugin/9212-flutter
    • Dart plugin can be installed from:
      🔨 https://plugins.jetbrains.com/plugin/6351-dart
    • Java version OpenJDK Runtime Environment (build 17.0.7+0-b2043.56-10550314)

[✓] VS Code (version 1.88.1)
    • VS Code at C:\Users\prate\AppData\Local\Programs\Microsoft VS Code
    • Flutter extension version 3.86.0

[✓] Connected device (4 available)
    • sdk gphone64 x86 64 (mobile) • emulator-5554 • android-x64    • Android 14 (API 34) (emulator)
    • Windows (desktop)            • windows       • windows-x64    • Microsoft Windows [Version 10.0.22631.3447]
    • Chrome (web)                 • chrome        • web-javascript • Google Chrome 123.0.6312.122
    • Edge (web)                   • edge          • web-javascript • Microsoft Edge 123.0.2420.81

[✓] Network resources
    • All expected network resources are available.

• No issues found!
```
